<?xml version="1.0" encoding="UTF-8"?>
<coverage generated="1756961106946" clover="3.2.0">
  <project timestamp="1756961106946" name="All files">
    <metrics statements="11" coveredstatements="11" conditionals="10" coveredconditionals="10" methods="2" coveredmethods="2" elements="23" coveredelements="23" complexity="0" loc="11" ncloc="11" packages="1" files="2" classes="2"/>
    <file name="mayor-edad.ts" path="C:\Users\PRO\Downloads\Universidad\Decimo_Semestre\Aseguramiento De La Calidad De Software\Modelo ll\Tarea 5\Clase 5 Tarea\src\domain\mayor-edad.ts">
      <metrics statements="6" coveredstatements="6" conditionals="6" coveredconditionals="6" methods="1" coveredmethods="1"/>
      <line num="1" count="1" type="stmt"/>
      <line num="2" count="8" type="cond" truecount="4" falsecount="0"/>
      <line num="3" count="4" type="stmt"/>
      <line num="5" count="4" type="cond" truecount="2" falsecount="0"/>
      <line num="6" count="1" type="stmt"/>
      <line num="8" count="3" type="stmt"/>
    </file>
    <file name="puedeAprobarPrestamo.ts" path="C:\Users\PRO\Downloads\Universidad\Decimo_Semestre\Aseguramiento De La Calidad De Software\Modelo ll\Tarea 5\Clase 5 Tarea\src\domain\puedeAprobarPrestamo.ts">
      <metrics statements="5" coveredstatements="5" conditionals="4" coveredconditionals="4" methods="1" coveredmethods="1"/>
      <line num="10" count="4" type="stmt"/>
      <line num="11" count="4" type="cond" truecount="2" falsecount="0"/>
      <line num="12" count="2" type="stmt"/>
      <line num="16" count="2" type="cond" truecount="2" falsecount="0"/>
      <line num="19" count="1" type="stmt"/>
    </file>
  </project>
</coverage>
