{"C:\\Users\\PRO\\Downloads\\Universidad\\Decimo_Semestre\\Aseguramiento De La Calidad De Software\\Modelo ll\\Tarea 5\\Clase 5 Tarea\\src\\domain\\mayor-edad.ts": {"path":"C:\\Users\\PRO\\Downloads\\Universidad\\Decimo_Semestre\\Aseguramiento De La Calidad De Software\\Modelo ll\\Tarea 5\\Clase 5 Tarea\\src\\domain\\mayor-edad.ts","statementMap":{"0":{"start":{"line":1,"column":0},"end":{"line":1,"column":16}},"1":{"start":{"line":2,"column":4},"end":{"line":4,"column":5}},"2":{"start":{"line":3,"column":8},"end":{"line":3,"column":61}},"3":{"start":{"line":5,"column":4},"end":{"line":7,"column":5}},"4":{"start":{"line":6,"column":8},"end":{"line":6,"column":57}},"5":{"start":{"line":8,"column":4},"end":{"line":8,"column":22}}},"fnMap":{"0":{"name":"esMayorDeEdad","decl":{"start":{"line":1,"column":16},"end":{"line":1,"column":29}},"loc":{"start":{"line":1,"column":42},"end":{"line":10,"column":1}}}},"branchMap":{"0":{"loc":{"start":{"line":2,"column":4},"end":{"line":4,"column":5}},"type":"if","locations":[{"start":{"line":2,"column":4},"end":{"line":4,"column":5}},{"start":{},"end":{}}]},"1":{"loc":{"start":{"line":2,"column":8},"end":{"line":2,"column":47}},"type":"binary-expr","locations":[{"start":{"line":2,"column":8},"end":{"line":2,"column":32}},{"start":{"line":2,"column":36},"end":{"line":2,"column":47}}]},"2":{"loc":{"start":{"line":5,"column":4},"end":{"line":7,"column":5}},"type":"if","locations":[{"start":{"line":5,"column":4},"end":{"line":7,"column":5}},{"start":{},"end":{}}]}},"s":{"0":1,"1":8,"2":4,"3":4,"4":1,"5":3},"f":{"0":8},"b":{"0":[4,4],"1":[8,5],"2":[1,3]}}
,"C:\\Users\\PRO\\Downloads\\Universidad\\Decimo_Semestre\\Aseguramiento De La Calidad De Software\\Modelo ll\\Tarea 5\\Clase 5 Tarea\\src\\domain\\puedeAprobarPrestamo.ts": {"path":"C:\\Users\\PRO\\Downloads\\Universidad\\Decimo_Semestre\\Aseguramiento De La Calidad De Software\\Modelo ll\\Tarea 5\\Clase 5 Tarea\\src\\domain\\puedeAprobarPrestamo.ts","statementMap":{"0":{"start":{"line":10,"column":29},"end":{"line":10,"column":68}},"1":{"start":{"line":11,"column":2},"end":{"line":13,"column":3}},"2":{"start":{"line":12,"column":4},"end":{"line":12,"column":43}},"3":{"start":{"line":16,"column":2},"end":{"line":16,"column":52}},"4":{"start":{"line":19,"column":0},"end":{"line":19,"column":36}}},"fnMap":{"0":{"name":"puedeAprobarPrestamo","decl":{"start":{"line":9,"column":9},"end":{"line":9,"column":29}},"loc":{"start":{"line":9,"column":46},"end":{"line":17,"column":1}}}},"branchMap":{"0":{"loc":{"start":{"line":11,"column":2},"end":{"line":13,"column":3}},"type":"if","locations":[{"start":{"line":11,"column":2},"end":{"line":13,"column":3}},{"start":{},"end":{}}]},"1":{"loc":{"start":{"line":16,"column":9},"end":{"line":16,"column":51}},"type":"binary-expr","locations":[{"start":{"line":16,"column":9},"end":{"line":16,"column":27}},{"start":{"line":16,"column":31},"end":{"line":16,"column":51}}]}},"s":{"0":4,"1":4,"2":2,"3":2,"4":1},"f":{"0":4},"b":{"0":[2,2],"1":[2,2]}}
}
